/*C2*/SET SCHEMA PUBLIC
alter table COMMENTS drop constraint FK_1ccwickkvy06ri017b02fw26h
drop table COMMENTS if exists
drop table ENTRIES if exists
create table COMMENTS (ID bigint generated by default as identity (start with 1), CONTENT CLOB(1K), DATE timestamp, ENTRY_ID bigint, primary key (ID))
create table ENTRIES (ID bigint generated by default as identity (start with 1), CONTENT CLOB(64K), DATE timestamp, TITLE varchar(255) not null, primary key (ID))
alter table COMMENTS add constraint FK_1ccwickkvy06ri017b02fw26h foreign key (ENTRY_ID) references ENTRIES
/*C1*/SET SCHEMA SYSTEM_LOBS
INSERT INTO LOB_IDS VALUES(2,20477,0,40)
COMMIT
ALTER SEQUENCE SYSTEM_LOBS.LOB_ID RESTART WITH 3
DELETE FROM BLOCKS WHERE BLOCK_ADDR=1
INSERT INTO BLOCKS VALUES(1,2,0)
INSERT INTO BLOCKS VALUES(3,2147483644,0)
DELETE FROM BLOCKS WHERE BLOCK_ADDR=1
INSERT INTO LOBS VALUES(1,2,0,2)
COMMIT
/*C2*/INSERT INTO ENTRIES VALUES(1,2,'2014-02-15 00:00:00.000000','5 most awesome desktop environments for Ubuntu')
SET SCHEMA SYSTEM_LOBS
DELETE FROM LOB_IDS WHERE LOB_ID=2
INSERT INTO LOB_IDS VALUES(2,20477,1,40)
COMMIT
/*C1*/INSERT INTO LOB_IDS VALUES(3,10738,0,40)
COMMIT
ALTER SEQUENCE SYSTEM_LOBS.LOB_ID RESTART WITH 4
DELETE FROM BLOCKS WHERE BLOCK_ADDR=3
INSERT INTO BLOCKS VALUES(3,1,0)
INSERT INTO BLOCKS VALUES(4,2147483643,0)
DELETE FROM BLOCKS WHERE BLOCK_ADDR=3
INSERT INTO LOBS VALUES(3,1,0,3)
COMMIT
/*C2*/SET SCHEMA PUBLIC
INSERT INTO ENTRIES VALUES(2,3,'2014-02-12 00:00:00.000000','Introduction to Gamification')
SET SCHEMA SYSTEM_LOBS
DELETE FROM LOB_IDS WHERE LOB_ID=3
INSERT INTO LOB_IDS VALUES(3,10738,1,40)
COMMIT
/*C1*/INSERT INTO LOB_IDS VALUES(4,11735,0,40)
COMMIT
ALTER SEQUENCE SYSTEM_LOBS.LOB_ID RESTART WITH 5
DELETE FROM BLOCKS WHERE BLOCK_ADDR=4
INSERT INTO BLOCKS VALUES(4,1,0)
INSERT INTO BLOCKS VALUES(5,2147483642,0)
DELETE FROM BLOCKS WHERE BLOCK_ADDR=4
INSERT INTO LOBS VALUES(4,1,0,4)
COMMIT
/*C2*/SET SCHEMA PUBLIC
INSERT INTO ENTRIES VALUES(3,4,'2014-02-10 00:00:00.000000','5 Best Email Clients for Open Source Environment')
SET SCHEMA SYSTEM_LOBS
DELETE FROM LOB_IDS WHERE LOB_ID=4
INSERT INTO LOB_IDS VALUES(4,11735,1,40)
COMMIT
SET SCHEMA PUBLIC
DELETE FROM ENTRIES WHERE ID=1
SET SCHEMA SYSTEM_LOBS
DELETE FROM LOB_IDS WHERE LOB_ID=2
INSERT INTO LOB_IDS VALUES(2,20477,0,40)
COMMIT
SET SCHEMA PUBLIC
DELETE FROM ENTRIES WHERE ID=2
SET SCHEMA SYSTEM_LOBS
DELETE FROM LOB_IDS WHERE LOB_ID=3
INSERT INTO LOB_IDS VALUES(3,10738,0,40)
COMMIT
SET SCHEMA PUBLIC
DELETE FROM ENTRIES WHERE ID=3
SET SCHEMA SYSTEM_LOBS
DELETE FROM LOB_IDS WHERE LOB_ID=4
INSERT INTO LOB_IDS VALUES(4,11735,0,40)
COMMIT
/*C1*/INSERT INTO LOB_IDS VALUES(5,15,0,40)
COMMIT
ALTER SEQUENCE SYSTEM_LOBS.LOB_ID RESTART WITH 6
DELETE FROM BLOCKS WHERE BLOCK_ADDR=5
INSERT INTO BLOCKS VALUES(5,1,0)
INSERT INTO BLOCKS VALUES(6,2147483641,0)
DELETE FROM BLOCKS WHERE BLOCK_ADDR=5
INSERT INTO LOBS VALUES(5,1,0,5)
COMMIT
/*C2*/SET SCHEMA PUBLIC
INSERT INTO ENTRIES VALUES(4,5,'2014-02-14 21:43:55.171000','test')
SET SCHEMA SYSTEM_LOBS
DELETE FROM LOB_IDS WHERE LOB_ID=5
INSERT INTO LOB_IDS VALUES(5,15,1,40)
COMMIT
SET SCHEMA PUBLIC
DELETE FROM ENTRIES WHERE ID=4
SET SCHEMA SYSTEM_LOBS
DELETE FROM LOB_IDS WHERE LOB_ID=5
INSERT INTO LOB_IDS VALUES(5,15,0,40)
COMMIT
/*C1*/INSERT INTO LOB_IDS VALUES(6,11,0,40)
COMMIT
ALTER SEQUENCE SYSTEM_LOBS.LOB_ID RESTART WITH 7
DELETE FROM BLOCKS WHERE BLOCK_ADDR=6
INSERT INTO BLOCKS VALUES(6,1,0)
INSERT INTO BLOCKS VALUES(7,2147483640,0)
DELETE FROM BLOCKS WHERE BLOCK_ADDR=6
INSERT INTO LOBS VALUES(6,1,0,6)
COMMIT
/*C2*/SET SCHEMA PUBLIC
INSERT INTO ENTRIES VALUES(5,6,'2014-02-14 21:44:05.604000','sddfdsafsadf')
SET SCHEMA SYSTEM_LOBS
DELETE FROM LOB_IDS WHERE LOB_ID=6
INSERT INTO LOB_IDS VALUES(6,11,1,40)
COMMIT
